<?xml version="1.0" encoding="UTF-8"?>
<!-- Generated by org.testng.reporters.JUnitXMLReporter -->
<testsuite ignored="0" hostname="DESKTOP-82EK2V9" failures="0" tests="5" name="Linux-firefoxTest" time="66.562" errors="0" timestamp="2026-05-12T22:27:01 IST">
  <testcase classname="testCases.TC01_AccountRegistrationTest" name="verfy_account_registration" time="5.218"/>
  <testcase classname="testCases.TC002_LoginTest" name="verfy_login" time="4.462"/>
  <testcase classname="testCases.TC003_LoginDDT" name="verify_LoginDDT" time="3.999"/>
  <testcase classname="testCases.TC003_LoginDDT" name="verify_LoginDDT" time="11.558"/>
  <testcase classname="testCases.TC003_LoginDDT" name="verify_LoginDDT" time="11.548"/>
</testsuite> <!-- Linux-firefoxTest -->
