<?xml version="1.0" encoding="UTF-8"?>
<!-- Generated by org.testng.reporters.JUnitXMLReporter -->
<testsuite ignored="0" hostname="DESKTOP-82EK2V9" failures="0" tests="5" name="Linux-chromeTest" time="56.954" errors="0" timestamp="2026-05-12T22:25:54 IST">
  <testcase classname="testCases.TC01_AccountRegistrationTest" name="verfy_account_registration" time="8.284"/>
  <testcase classname="testCases.TC002_LoginTest" name="verfy_login" time="2.661"/>
  <testcase classname="testCases.TC003_LoginDDT" name="verify_LoginDDT" time="3.651"/>
  <testcase classname="testCases.TC003_LoginDDT" name="verify_LoginDDT" time="12.804"/>
  <testcase classname="testCases.TC003_LoginDDT" name="verify_LoginDDT" time="12.333"/>
</testsuite> <!-- Linux-chromeTest -->
