<?xml version="1.0" encoding="UTF-8"?>
<testng-results ignored="0" total="2" passed="2" failed="0" skipped="0">
  <reporter-output>
  </reporter-output>
  <suite started-at="2026-05-29T21:45:25 IST" name="Suite" finished-at="2026-05-29T21:45:43 IST" duration-ms="17587">
    <groups>
      <group name="Master">
        <method signature="TC002_LoginTest.verfy_login()[pri:0, instance:testCases.TC002_LoginTest@5c33f1a9]" name="verfy_login" class="testCases.TC002_LoginTest"/>
        <method signature="TC01_AccountRegistrationTest.verfy_account_registration()[pri:0, instance:testCases.TC01_AccountRegistrationTest@158d2680]" name="verfy_account_registration" class="testCases.TC01_AccountRegistrationTest"/>
      </group> <!-- Master -->
      <group name="Sanity">
        <method signature="TC002_LoginTest.verfy_login()[pri:0, instance:testCases.TC002_LoginTest@5c33f1a9]" name="verfy_login" class="testCases.TC002_LoginTest"/>
      </group> <!-- Sanity -->
      <group name="Regression">
        <method signature="TC01_AccountRegistrationTest.verfy_account_registration()[pri:0, instance:testCases.TC01_AccountRegistrationTest@158d2680]" name="verfy_account_registration" class="testCases.TC01_AccountRegistrationTest"/>
      </group> <!-- Regression -->
    </groups>
    <test started-at="2026-05-29T21:45:25 IST" name="chromeTest" finished-at="2026-05-29T21:45:43 IST" duration-ms="17587">
      <class name="testCases.TC01_AccountRegistrationTest">
        <test-method is-config="true" signature="setup(java.lang.String,java.lang.String)[pri:0, instance:testCases.TC01_AccountRegistrationTest@158d2680]" started-at="2026-05-29T21:45:25 IST" name="setup" finished-at="2026-05-29T21:45:31 IST" duration-ms="5225" status="PASS">
          <params>
            <param index="0">
              <value>
                <![CDATA[windows]]>
              </value>
            </param>
            <param index="1">
              <value>
                <![CDATA[chrome]]>
              </value>
            </param>
          </params>
          <reporter-output>
          </reporter-output>
        </test-method> <!-- setup -->
        <test-method signature="verfy_account_registration()[pri:0, instance:testCases.TC01_AccountRegistrationTest@158d2680]" started-at="2026-05-29T21:45:31 IST" name="verfy_account_registration" finished-at="2026-05-29T21:45:35 IST" duration-ms="4792" status="PASS">
          <reporter-output>
          </reporter-output>
        </test-method> <!-- verfy_account_registration -->
        <test-method is-config="true" signature="tearDown()[pri:0, instance:testCases.TC01_AccountRegistrationTest@158d2680]" started-at="2026-05-29T21:45:36 IST" name="tearDown" finished-at="2026-05-29T21:45:36 IST" duration-ms="537" status="PASS">
          <reporter-output>
          </reporter-output>
        </test-method> <!-- tearDown -->
      </class> <!-- testCases.TC01_AccountRegistrationTest -->
      <class name="testCases.TC002_LoginTest">
        <test-method is-config="true" signature="setup(java.lang.String,java.lang.String)[pri:0, instance:testCases.TC002_LoginTest@5c33f1a9]" started-at="2026-05-29T21:45:36 IST" name="setup" finished-at="2026-05-29T21:45:39 IST" duration-ms="2980" status="PASS">
          <params>
            <param index="0">
              <value>
                <![CDATA[windows]]>
              </value>
            </param>
            <param index="1">
              <value>
                <![CDATA[chrome]]>
              </value>
            </param>
          </params>
          <reporter-output>
          </reporter-output>
        </test-method> <!-- setup -->
        <test-method signature="verfy_login()[pri:0, instance:testCases.TC002_LoginTest@5c33f1a9]" started-at="2026-05-29T21:45:39 IST" name="verfy_login" finished-at="2026-05-29T21:45:42 IST" duration-ms="3116" status="PASS">
          <reporter-output>
          </reporter-output>
        </test-method> <!-- verfy_login -->
        <test-method is-config="true" signature="tearDown()[pri:0, instance:testCases.TC002_LoginTest@5c33f1a9]" started-at="2026-05-29T21:45:42 IST" name="tearDown" finished-at="2026-05-29T21:45:43 IST" duration-ms="405" status="PASS">
          <reporter-output>
          </reporter-output>
        </test-method> <!-- tearDown -->
      </class> <!-- testCases.TC002_LoginTest -->
    </test> <!-- chromeTest -->
  </suite> <!-- Suite -->
</testng-results>
