<?xml version="1.0" encoding="UTF-8"?>
<testng-results ignored="0" total="2" passed="2" failed="0" skipped="0">
  <reporter-output>
  </reporter-output>
  <suite started-at="2026-05-29T21:40:23 IST" name="Suite" finished-at="2026-05-29T21:41:08 IST" duration-ms="44770">
    <groups>
      <group name="Master">
        <method signature="TC002_LoginTest.verfy_login()[pri:0, instance:testCases.TC002_LoginTest@15de0b3c]" name="verfy_login" class="testCases.TC002_LoginTest"/>
        <method signature="TC01_AccountRegistrationTest.verfy_account_registration()[pri:0, instance:testCases.TC01_AccountRegistrationTest@7eac9008]" name="verfy_account_registration" class="testCases.TC01_AccountRegistrationTest"/>
      </group> <!-- Master -->
      <group name="Sanity">
        <method signature="TC002_LoginTest.verfy_login()[pri:0, instance:testCases.TC002_LoginTest@15de0b3c]" name="verfy_login" class="testCases.TC002_LoginTest"/>
      </group> <!-- Sanity -->
      <group name="Regression">
        <method signature="TC01_AccountRegistrationTest.verfy_account_registration()[pri:0, instance:testCases.TC01_AccountRegistrationTest@7eac9008]" name="verfy_account_registration" class="testCases.TC01_AccountRegistrationTest"/>
      </group> <!-- Regression -->
    </groups>
    <test started-at="2026-05-29T21:40:23 IST" name="chromeTest" finished-at="2026-05-29T21:41:08 IST" duration-ms="44770">
      <class name="testCases.TC01_AccountRegistrationTest">
        <test-method is-config="true" signature="setup(java.lang.String,java.lang.String)[pri:0, instance:testCases.TC01_AccountRegistrationTest@7eac9008]" started-at="2026-05-29T21:40:24 IST" name="setup" finished-at="2026-05-29T21:40:55 IST" duration-ms="31329" status="PASS">
          <params>
            <param index="0">
              <value>
                <![CDATA[windows]]>
              </value>
            </param>
            <param index="1">
              <value>
                <![CDATA[chrome]]>
              </value>
            </param>
          </params>
          <reporter-output>
          </reporter-output>
        </test-method> <!-- setup -->
        <test-method signature="verfy_account_registration()[pri:0, instance:testCases.TC01_AccountRegistrationTest@7eac9008]" started-at="2026-05-29T21:40:55 IST" name="verfy_account_registration" finished-at="2026-05-29T21:41:01 IST" duration-ms="5534" status="PASS">
          <reporter-output>
          </reporter-output>
        </test-method> <!-- verfy_account_registration -->
        <test-method is-config="true" signature="tearDown()[pri:0, instance:testCases.TC01_AccountRegistrationTest@7eac9008]" started-at="2026-05-29T21:41:01 IST" name="tearDown" finished-at="2026-05-29T21:41:01 IST" duration-ms="526" status="PASS">
          <reporter-output>
          </reporter-output>
        </test-method> <!-- tearDown -->
      </class> <!-- testCases.TC01_AccountRegistrationTest -->
      <class name="testCases.TC002_LoginTest">
        <test-method is-config="true" signature="setup(java.lang.String,java.lang.String)[pri:0, instance:testCases.TC002_LoginTest@15de0b3c]" started-at="2026-05-29T21:41:01 IST" name="setup" finished-at="2026-05-29T21:41:05 IST" duration-ms="3912" status="PASS">
          <params>
            <param index="0">
              <value>
                <![CDATA[windows]]>
              </value>
            </param>
            <param index="1">
              <value>
                <![CDATA[chrome]]>
              </value>
            </param>
          </params>
          <reporter-output>
          </reporter-output>
        </test-method> <!-- setup -->
        <test-method signature="verfy_login()[pri:0, instance:testCases.TC002_LoginTest@15de0b3c]" started-at="2026-05-29T21:41:05 IST" name="verfy_login" finished-at="2026-05-29T21:41:07 IST" duration-ms="2372" status="PASS">
          <reporter-output>
          </reporter-output>
        </test-method> <!-- verfy_login -->
        <test-method is-config="true" signature="tearDown()[pri:0, instance:testCases.TC002_LoginTest@15de0b3c]" started-at="2026-05-29T21:41:07 IST" name="tearDown" finished-at="2026-05-29T21:41:08 IST" duration-ms="456" status="PASS">
          <reporter-output>
          </reporter-output>
        </test-method> <!-- tearDown -->
      </class> <!-- testCases.TC002_LoginTest -->
    </test> <!-- chromeTest -->
  </suite> <!-- Suite -->
</testng-results>
