<?xml version="1.0" encoding="UTF-8"?>
<!-- Generated by org.testng.reporters.JUnitReportReporter -->
<testsuite hostname="DESKTOP-82EK2V9" failures="0" tests="6" name="testCases.TC003_LoginDDT" time="55.893" errors="0" timestamp="2026-05-12T22:27:01 IST" skipped="0">
  <testcase classname="testCases.TC003_LoginDDT" name="verify_LoginDDT" time="12.333"/>
  <testcase classname="testCases.TC003_LoginDDT" name="verify_LoginDDT" time="12.804"/>
  <testcase classname="testCases.TC003_LoginDDT" name="verify_LoginDDT" time="3.651"/>
  <testcase classname="testCases.TC003_LoginDDT" name="verify_LoginDDT" time="11.558"/>
  <testcase classname="testCases.TC003_LoginDDT" name="verify_LoginDDT" time="11.548"/>
  <testcase classname="testCases.TC003_LoginDDT" name="verify_LoginDDT" time="3.999"/>
</testsuite> <!-- testCases.TC003_LoginDDT -->
